<?xml version="1.0" encoding="UTF-8"?>
<testng-results ignored="0" total="1" passed="1" failed="0" skipped="0">
  <reporter-output>
  </reporter-output>
  <suite started-at="2020-05-27T12:54:12 IST" name="Suite" finished-at="2020-05-27T12:54:20 IST" duration-ms="7927">
    <groups>
    </groups>
    <test started-at="2020-05-27T12:54:12 IST" name="Test" finished-at="2020-05-27T12:54:20 IST" duration-ms="7927">
      <class name="jenkins_successfully_done.jenkins_successfully_done.jenkins_successfully_done">
        <test-method signature="login()[pri:0, instance:jenkins_successfully_done.jenkins_successfully_done.jenkins_successfully_done@3098cf3b]" started-at="2020-05-27T12:54:12 IST" name="login" finished-at="2020-05-27T12:54:20 IST" duration-ms="7874" status="PASS">
          <reporter-output>
          </reporter-output>
        </test-method> <!-- login -->
      </class> <!-- jenkins_successfully_done.jenkins_successfully_done.jenkins_successfully_done -->
    </test> <!-- Test -->
  </suite> <!-- Suite -->
</testng-results>
